 ***************************************************************************
 ALAMO version 2019.10.16. Built: WIN-64 Wed Oct 16 10:42:39 EDT 2019
 
The options and data used in solving this problem are as follows:
 
NINPUTS           =              1
NOUTPUTS          =              1
NTRANS            =              0
NCVF              =              5
NPENL             =            100
NDATA             =             32
NPREDATA          =              0
NSAMPLE           =              0
NVALDATA          =              0
NVALSAMPLE        =              0
NVALSETS          =              0
PRFREQ            =              1
INITIALPOINTS     =             32
SAMPLER           =              1
MODELER           =              1
INITIALIZER       =              3
BUILDER           =              1
ENUM1             =          16384
ENUMALL           =              0
GREEDYBUILDER     =               T
NDGELS            =            120
SCREENER          =              0
SISMULT           = 1 
MAXSIM            =             10
MINPOINTS         =              1
MAXPOINTS         =              7
OBJFUN            =              1
MATSNOB           =               F
SNOBFITP          = 0.5 
SNOBFITRESOLUTION = 0.100000000000E-004 
MAXTIME           = 1000 
DATALIMITTERMS    =               T
NUMLIMITBASIS     =               T
CONVPEN           = 0 
MONO              =              3
MULTI2            =              0
MULTI3            =              0
RATIOS            =              0
EXPFCNS           =               T
LINFCNS           =               T
LOGFCNS           =               T
SINFCNS           =               F
COSFCNS           =               F
CONSTANT          =               F
GRBFCNS           =               F
PRBF              =               F
LK                =               F
NCUSTOMBAS        =              0
OTHERBASIS        =              0
USEGPU            =               F
XSCALING          =               F
SCALEZ            =               F
MAXITER           =              1
TOLESTERROR       = 0.999999977648E-002 
TOLSSE            = 0 
FUNFORM           =              1
RBFPARAM          = 1 
PRESET            = -111111 
LINEARERROR       =               F
SOLVEMIP          =               T
DELTATERM         =               T
SHORTCUT          =               T
DIVE              =               T
FIRSTFEAS         =               F
MIPOPTCA          = 0.500000007451E-001 
MIPOPTCR          = 0.999999974738E-004 
CRTOL             = 0.100000000000E-002 
CRNINITIAL        =              0
CRMAXITER         =             10
CRNVIOL           =              5
CRNTRIALS         =            100
CRNCUSTOM         =              0
NGROUPS           =              0
SIMULATOR         =      mysim
SIMIN             =      input.txt
SIMOUT            =      output.txt
GAMS              =      gams
GAMSSOLVER        =      baron
GAMSNLPSOLVER     =      baron
SNOBFITTEST       =      test.mat
SNOBFITPATH       =      C:\SNOBFIT\
MINQPATH          =      C:\MINQ5\
SCRATCH           =      almscr
===========================================================================

XLABELS        XMIN                  XMAX             XISINT
st         0.00000000000         1.65091098500         F
ZLABELS   TOLMEANERROR          TOLRELMETRIC          TOLABSMETRIC            MAXTERMS  ZISINT  TOLMAXERROR
Z1         0.00000000000        0.100000000000E-005  0.100000000000E-005            5    F       0.500000000000E-001

XDATA and ZDATA
  0.791117060000E-001 0.242022720000E-001 
  0.128812507 0.644066080000E-001 
  0.178362619 0.980308350000E-001 
  0.224310337 0.13410538 
  0.258410748 0.164062818 
  0.304140207 0.189085218 
  0.347046853 0.221691581 
  0.384646869 0.244710317 
  0.436366916 0.273685428 
  0.489249009 0.303155575 
  0.506703599 0.323913195 
  0.551429918 0.342154371 
  0.607150778 0.372149481 
  0.652444747 0.398337777 
  0.70285924 0.422371936 
  0.754709809 0.449946271 
  0.806508955 0.475275176 
  0.860822469 0.503894911 
  0.917264769 0.527161 
  0.967346721 0.551238705 
  1.028341715 0.57668451 
  1.082502966 0.598655449 
  1.136646025 0.619831959 
  1.19078226 0.640710558 
  1.24480786 0.656758033 
  1.298853812 0.673694276 
  1.35289624 0.690476598 
  1.40652671 0.689270058 
  1.460354801 0.696693008 
  1.512777561 0.703608801 
  1.567937074 0.708311539 
  1.62164293 0.710396917 

MONOPOWERS
0.5 1.5 2 
===========================================================================
Total number of bases considered =         5

BASES considered
 st
 exp(st)
 st**0.5
 st**1.5
 st**2
===========================================================================
 
 Step 0: Initializing data set
 User provided an initial data set of 32 data points
 We will sample no more data points at this stage
 ***************************************************************************
 Iteration 1 (Approx. elapsed time 0.16E-01 s)
 
 Step 1: Model building using BIC
 
 Model building for variable Z1
 sigma in almsurr1 =   3.441010657293396E-003
 ----
 BIC = 29.1 with Z1 = 0.51900110087274464731877 * st
 ----
 BIC = 8.67 with Z1 = 0.71981874365776843394116 * st - 0.16386687963849153049090 * st**2
 
 Calculating quality metrics on observed data set.
 Errors on observed data points 
 (for each data point: x, z, zmodel, square error, absolute error):
  0.791117060000E-001 0.242022720000E-001 0.559205014046E-001 0.100604607656E-002 131.054759671 
  0.128812507 0.644066080000E-001 0.900026692159E-001 0.655158349770E-003 39.7413588617 
  0.178362619 0.980308350000E-001 0.123175622599 0.632260343423E-003 25.6498759798 
  0.224310337 0.13410538 0.153217802062 0.365284677075E-003 14.251793673 
  0.258410748 0.164062818 0.175066506426 0.121081158970E-003 6.70699708798 
  0.304140207 0.189085218 0.203767927956 0.215581971657E-003 7.76512839632 
  0.347046853 0.221691581 0.230074453954 0.702725589666E-004 3.78132219384 
  0.384646869 0.244710317 0.252631394512 0.627434689578E-004 3.23692013051 
  0.436366916 0.273685428 0.282902195505 0.849488032384E-004 3.36765006899 
  0.489249009 0.303155575 0.312946678075 0.958656994231E-004 3.22972885288 
  0.506703599 0.323913195 0.32266216639 0.156507258340E-005 0.386223417093 
  0.551429918 0.342154371 0.347101776826 0.244768244031E-004 1.44595721841 
  0.607150778 0.372149481 0.37663192364 0.200922920190E-004 1.20447370442 
  0.652444747 0.398337777 0.399886425066 0.239831083137E-005 0.388777604111 
  0.70285924 0.422371936 0.424979195797 0.679780365020E-005 0.617290017398 
  0.754709809 0.449946271 0.449917839243 0 0.631892274981E-002 
  0.806508955 0.475275176 0.47395195387 0.175091680547E-005 0.278411791079 
  0.860822469 0.503894911 0.498208279381 0.323377791648E-004 1.1285352351 
  0.917264769 0.527161 0.522390934064 0.227535290341E-004 0.904859414113 
  0.967346721 0.551238705 0.542974282763 0.683006749088E-004 1.49924563749 
  1.028341715 0.57668451 0.566932598371 0.950997804202E-004 1.69103061725 
  1.082502966 0.598655449 0.587184639009 0.131579481850E-003 1.91609547866 
  1.136646025 0.619831959 0.60646897391 0.178569370508E-003 2.1559044989 
  1.19078226 0.640710558 0.624790317949 0.253454043269E-003 2.48477879002 
  1.24480786 0.656758033 0.642116662321 0.214369735358E-003 2.2293401745 
  1.298853812 0.673694276 0.658492415133 0.231096573820E-003 2.25649250833 
  1.35289624 0.690476598 0.673909894995 0.274455648463E-003 2.39931419156 
  1.40652671 0.689270058 0.688263592344 0.101297311637E-005 0.14601905946 
  1.460354801 0.696693008 0.701722327697 0.252940566162E-004 0.721884623415 
  1.512777561 0.703608801 0.713916953154 0.106258000831E-003 1.4650402524 
  1.567937074 0.708311539 0.725775787832 0.304999987267E-003 2.46561687484 
  1.62164293 0.710396917 0.736364016626 0.674290262963E-003 3.65529452678 
 Maximum absolute errors (%) on observed data points 
  131.054759671 
 
 
 Quality metrics for output Z1
 -----------------------------
 SSE OLR:           0.379E-03
 SSE:               0.598E-02
 RMSE:              0.137E-01
 R2:                0.996
 R2 adjusted:       0.996
 Model size:        2
 BIC:               8.67
 Cp:                -26.3
 AICc:              -270.
 HQC:               -270.
 MSE:               0.206E-03
 SSEp:              0.598E-02
 RIC:               8.18
 MADp:              131.

 BETAS and BASES chosen for this output
  0.719818743657768      st
 -0.163866879638492      st**2
 
 
 Total execution time 0.16E-01 s
 Times breakdown
     OLR time:        0.0 s in 26 ordinary linear regression problem(s)
     MIP time:        0.0 s in 0 quadratic integer problem(s)
     Simulation time: 0.0 s to simulate 0 point(s)
     All other time:  0.16E-01 s in 1 iteration(s)
 
 Normal termination
 ***************************************************************************
