 ***************************************************************************
 ALAMO version 2019.10.16. Built: WIN-64 Wed Oct 16 10:42:39 EDT 2019
 
The options and data used in solving this problem are as follows:
 
NINPUTS           =              2
NOUTPUTS          =              1
NTRANS            =              0
NCVF              =              5
NPENL             =            100
NDATA             =             10
NPREDATA          =              0
NSAMPLE           =              0
NVALDATA          =              0
NVALSAMPLE        =              0
NVALSETS          =              0
PRFREQ            =              1
INITIALPOINTS     =             10
SAMPLER           =              1
MODELER           =              1
INITIALIZER       =              3
BUILDER           =              1
ENUM1             =          16384
ENUMALL           =              0
GREEDYBUILDER     =               T
NDGELS            =            120
SCREENER          =              0
SISMULT           = 1 
MAXSIM            =             10
MINPOINTS         =              2
MAXPOINTS         =              8
OBJFUN            =              1
MATSNOB           =               F
SNOBFITP          = 0.5 
SNOBFITRESOLUTION = 0.100000000000E-004 
MAXTIME           = 1000 
DATALIMITTERMS    =               T
NUMLIMITBASIS     =               T
CONVPEN           = 0 
MONO              =              5
MULTI2            =              2
MULTI3            =              0
RATIOS            =              0
EXPFCNS           =               F
LINFCNS           =               T
LOGFCNS           =               F
SINFCNS           =               F
COSFCNS           =               F
CONSTANT          =               T
GRBFCNS           =               F
PRBF              =               F
LK                =               F
NCUSTOMBAS        =              0
OTHERBASIS        =              0
USEGPU            =               F
XSCALING          =               F
SCALEZ            =               F
MAXITER           =             20
TOLESTERROR       = 0.999999977648E-002 
TOLSSE            = 0 
FUNFORM           =              5
RBFPARAM          = 1 
PRESET            = -111111 
LINEARERROR       =               F
SOLVEMIP          =               F
DELTATERM         =               T
SHORTCUT          =               T
DIVE              =               T
FIRSTFEAS         =               F
MIPOPTCA          = 0.500000007451E-001 
MIPOPTCR          = 0.999999974738E-004 
CRTOL             = 0.100000000000E-002 
CRNINITIAL        =              0
CRMAXITER         =             10
CRNVIOL           =              5
CRNTRIALS         =            100
CRNCUSTOM         =              0
NGROUPS           =              0
SIMULATOR         =      "C:\Users\OOAmusat\Desktop\GitHub\surrogates\examples-dev\src\surrogate\alamo_python\simwrapper.py"
SIMIN             =      input.txt
SIMOUT            =      output.txt
GAMS              =      gams
GAMSSOLVER        =      baron
GAMSNLPSOLVER     =      baron
SNOBFITTEST       =      test.mat
SNOBFITPATH       =      C:\SNOBFIT\
MINQPATH          =      C:\MINQ5\
SCRATCH           =      almscr
===========================================================================

XLABELS        XMIN                  XMAX             XISINT
x1        -1.25856271239         1.79334065560         F
x2        -.901846493589        0.776180983107         F
ZLABELS   TOLMEANERROR          TOLRELMETRIC          TOLABSMETRIC            MAXTERMS  ZISINT  TOLMAXERROR
z1         0.00000000000        0.100000000000E-005  0.100000000000E-005           15    F       0.500000000000E-001

XDATA and ZDATA
  -.154247846301 -.901846493589 -.374211321738 
  0.65122874396 0.125740042143 1.36375912032 
  0.917643834662 0.639937110041 1.69822170265 
  1.27159255805 -.733754463679 0.459339900307 
  0.588105012026 0.776180983107 0.644515921987 
  1.7933406556 0.736230179657 2.55918794694 
  -.206174398157 0.459551902642 -.594835638417 
  -.128443808225 -.108652295621 0.327130625877E-001 
  0.187098176782 -.677416382021E-001 0.106518045569 
  -1.25856271239 0.128282795133 2.1655722458 

MONOPOWERS
2 3 4 5 6 

MULTI2POWERS
   1.00000000000000        2.00000000000000     
===========================================================================
Total number of bases considered =        15

BASES considered
 x1
 x2
 x1^2
 x2^2
 x1^3
 x2^3
 x1^4
 x2^4
 x1^5
 x2^5
 x1^6
 x2^6
 x1*x2
 (x1*x2)^2
 1.00
===========================================================================
 
 Step 0: Initializing data set
 User provided an initial data set of 10 data points
 We will sample no more data points at this stage
 ***************************************************************************
 Iteration 1 (Approx. elapsed time 0.0 s)
 
 Step 1: Model building using BIC
 
 Model building for variable z1
 sigma in almsurr1 =    1.00000000000000
 ----
 BIC = -6.44 with z1 = 0.88626830150071889136143 * x1^2
 ----
 BIC = -8.37 with z1 = 1.5737226182596641965716 * x1^2 - 1.5264760179223455516251 * (x1*x2)^2
 ----
 BIC = -15.3 with z1 = 2.8090956973018519349239 * x1 - 2.1746250191779594729269 * x1^3 + 0.30371418751558837412219 * x1^6
 ----
 BIC = -25.1 with z1 = 0.82179156809384079629410 * x1 + 2.1402100574403704058568 * x1^2 + 0.71192315325996591290902 * x1*x2 - 3.8716107693837709113893 * (x1*x2)^2
 ----
 BIC = -34.3 with z1 = 2.7066255063840918282381 * x1^2 - 3.3377764224980110974172 * x2^2 - 0.68704371105554695731144 * x1^4 + 3.1791994497326889757005 * x2^4 + 1.3757018441220472126929 * x1*x2
 ----
 BIC = -674. with z1 = 4.0000000000000044408921 * x1^2 - 4.0000000000000079936058 * x2^2 - 2.1000000000000049737992 * x1^4 + 4.0000000000000079936058 * x2^4 + 0.33333333333333453607494 * x1^6 + 0.99999999999999922284388 * x1*x2
 
 Step 2: Adaptive sampling using RANDOM sampler
 
 Calculating quality metrics on observed data set.
 Errors on observed data points 
 (for each data point: x, z, zmodel, square error, absolute error):
  -.154247846301 -.901846493589 -.374211321738 -.374211321738 0 0 
  0.65122874396 0.125740042143 1.36375912032 1.36375912032 0 0 
  0.917643834662 0.639937110041 1.69822170265 1.69822170265 0 0 
  1.27159255805 -.733754463679 0.459339900307 0.459339900307 0 0 
  0.588105012026 0.776180983107 0.644515921987 0.644515921987 0 0 
  1.7933406556 0.736230179657 2.55918794694 2.55918794694 0 0 
  -.206174398157 0.459551902642 -.594835638417 -.594835638417 0 0 
  -.128443808225 -.108652295621 0.327130625877E-001 0.327130625877E-001 0 0 
  0.187098176782 -.677416382021E-001 0.106518045569 0.106518045569 0 0 
  -1.25856271239 0.128282795133 2.1655722458 2.1655722458 0 0 
 Maximum absolute errors (%) on observed data points 
  0 
 
 
 Quality metrics for output z1
 -----------------------------
 SSE OLR:           0.139E-28
 SSE:               0.139E-28
 RMSE:              0.118E-14
 R2:                1.00
 R2 adjusted:       1.00
 Model size:        6
 BIC:               -674.
 Cp:                2.00
 AICc:              -647.
 HQC:               -677.
 MSE:               0.464E-29
 SSEp:              0.139E-28
 RIC:               32.5
 MADp:              0.326E-12

 BETAS and BASES chosen for this output
   4.00000000000000      x1^2
  -4.00000000000001      x2^2
  -2.10000000000000      x1^4
   4.00000000000001      x2^4
  0.333333333333335      x1^6
  0.999999999999999      x1*x2
 
 
 Total execution time 65. s
 Times breakdown
     OLR time:        0.11 s in 16384 ordinary linear regression problem(s)
     MIP time:        0.0 s in 0 quadratic integer problem(s)
     Simulation time: 65. s to simulate 0 point(s)
     All other time:  0.78E-01 s in 1 iteration(s)
 
 ALAMO terminated with termination code 38 
 Error while attempting to read the external simulator output file.
 ***************************************************************************
